app/build/intermediates/manifest_merge_blame_file/debug/manifest-merger-blame-debug-report.txt
1<?xml version="1.0" encoding="utf-8"?>
2<manifest xmlns:android="http://schemas.android.com/apk/res/android"
3    package="grack.dev.creditpointapp"
4    android:versionCode="1"
5    android:versionName="1.0" >
6
7    <uses-sdk
8        android:minSdkVersion="19"
8-->src/main/AndroidManifest.xml
9        android:targetSdkVersion="29" />
9-->src/main/AndroidManifest.xml
10
11    <uses-permission android:name="android.permission.INTERNET" />
11-->src/main/AndroidManifest.xml:5:3-65
11-->src/main/AndroidManifest.xml:5:20-62
12    <uses-permission android:name="android.permission.READ_CONTACTS" />
12-->src/main/AndroidManifest.xml:6:3-70
12-->src/main/AndroidManifest.xml:6:20-67
13
14    <application
14-->src/main/AndroidManifest.xml:8:3-41:17
15        android:allowBackup="true"
15-->src/main/AndroidManifest.xml:9:5-31
16        android:appComponentFactory="androidx.core.app.CoreComponentFactory"
16-->[androidx.core:core:1.1.0] AndroidManifest.xml:24:18-86
17        android:debuggable="true"
18        android:icon="@mipmap/ic_launcher"
18-->src/main/AndroidManifest.xml:10:5-39
19        android:label="@string/app_name"
19-->src/main/AndroidManifest.xml:11:5-37
20        android:roundIcon="@mipmap/ic_launcher_round"
20-->src/main/AndroidManifest.xml:12:5-50
21        android:supportsRtl="true"
21-->src/main/AndroidManifest.xml:13:5-31
22        android:testOnly="true"
23        android:theme="@style/AppTheme" >
23-->src/main/AndroidManifest.xml:14:5-36
24        <activity android:name="grack.dev.creditpointapp.features.loginwalimurid.editprofile.EditProfileActivity" />
24-->src/main/AndroidManifest.xml:15:5-98
24-->src/main/AndroidManifest.xml:15:15-86
25        <activity android:name="grack.dev.creditpointapp.features.guru.GuruActivity" />
25-->src/main/AndroidManifest.xml:16:5-60
25-->src/main/AndroidManifest.xml:16:15-57
26        <activity android:name="grack.dev.creditpointapp.features.loginwalimurid.history.HistoryActivity" />
26-->src/main/AndroidManifest.xml:17:5-81
26-->src/main/AndroidManifest.xml:17:15-78
27        <activity android:name="grack.dev.creditpointapp.features.loginwalimurid.WaliMuridActivity" />
27-->src/main/AndroidManifest.xml:18:5-75
27-->src/main/AndroidManifest.xml:18:15-72
28        <activity android:name="grack.dev.creditpointapp.features.newdashboard.ProfileActivity" />
28-->src/main/AndroidManifest.xml:19:5-71
28-->src/main/AndroidManifest.xml:19:15-68
29        <activity
29-->src/main/AndroidManifest.xml:20:5-28:16
30            android:name="grack.dev.creditpointapp.features.splashscreen.SplashScreenActivity"
30-->src/main/AndroidManifest.xml:21:7-65
31            android:theme="@style/AppTheme.Splash" >
31-->src/main/AndroidManifest.xml:22:7-45
32            <intent-filter>
32-->src/main/AndroidManifest.xml:23:7-27:23
33                <action android:name="android.intent.action.MAIN" />
33-->src/main/AndroidManifest.xml:24:9-61
33-->src/main/AndroidManifest.xml:24:17-58
34
35                <category android:name="android.intent.category.LAUNCHER" />
35-->src/main/AndroidManifest.xml:26:9-69
35-->src/main/AndroidManifest.xml:26:19-66
36            </intent-filter>
37        </activity>
38        <activity android:name="grack.dev.creditpointapp.features.login.LoginActivity" />
38-->src/main/AndroidManifest.xml:29:5-62
38-->src/main/AndroidManifest.xml:29:15-59
39        <activity android:name="grack.dev.creditpointapp.features.dashboard.DashboardActivity" />
39-->src/main/AndroidManifest.xml:30:5-70
39-->src/main/AndroidManifest.xml:30:15-67
40        <activity android:name="grack.dev.creditpointapp.features.bk.ui.report.ReportActivity" />
40-->src/main/AndroidManifest.xml:31:5-70
40-->src/main/AndroidManifest.xml:31:15-67
41        <activity android:name="grack.dev.creditpointapp.features.dashboard.ui.datapelanggaran.DataPelanggaranFragment" />
41-->src/main/AndroidManifest.xml:32:5-95
41-->src/main/AndroidManifest.xml:32:15-92
42        <activity android:name="grack.dev.creditpointapp.features.newdashboard.MainActivity" />
42-->src/main/AndroidManifest.xml:33:5-68
42-->src/main/AndroidManifest.xml:33:15-65
43        <activity android:name="grack.dev.creditpointapp.features.bk.ui.report.daily.ReportDailyActivity" />
43-->src/main/AndroidManifest.xml:34:5-81
43-->src/main/AndroidManifest.xml:34:15-78
44        <activity android:name="grack.dev.creditpointapp.features.dashboard.ui.inputpoint.InputPointActivity" />
44-->src/main/AndroidManifest.xml:35:5-85
44-->src/main/AndroidManifest.xml:35:15-82
45        <activity android:name="grack.dev.creditpointapp.features.dashboard.ui.kelas.detailsiswa.DetailSiswaActivity" />
45-->src/main/AndroidManifest.xml:36:5-93
45-->src/main/AndroidManifest.xml:36:15-90
46        <activity android:name="grack.dev.creditpointapp.features.newdashboard.konsultasi.KonsultasiActivity" />
46-->src/main/AndroidManifest.xml:37:5-85
46-->src/main/AndroidManifest.xml:37:15-82
47        <activity android:name="grack.dev.creditpointapp.features.dashboard.ui.kelas.KelasFragment" />
47-->src/main/AndroidManifest.xml:38:5-75
47-->src/main/AndroidManifest.xml:38:15-72
48        <activity android:name="grack.dev.creditpointapp.features.dashboard.ui.rangking.RangkingSiswaFragment" />
48-->src/main/AndroidManifest.xml:39:5-86
48-->src/main/AndroidManifest.xml:39:15-83
49        <activity android:name="grack.dev.creditpointapp.features.dashboard.ui.datainformasi.DataInformasiFragment" />
49-->src/main/AndroidManifest.xml:40:5-91
49-->src/main/AndroidManifest.xml:40:15-88
50
51        <provider
51-->[androidx.lifecycle:lifecycle-process:2.1.0] AndroidManifest.xml:23:9-27:43
52            android:name="androidx.lifecycle.ProcessLifecycleOwnerInitializer"
52-->[androidx.lifecycle:lifecycle-process:2.1.0] AndroidManifest.xml:24:13-79
53            android:authorities="grack.dev.creditpointapp.lifecycle-process"
53-->[androidx.lifecycle:lifecycle-process:2.1.0] AndroidManifest.xml:25:13-69
54            android:exported="false"
54-->[androidx.lifecycle:lifecycle-process:2.1.0] AndroidManifest.xml:26:13-37
55            android:multiprocess="true" />
55-->[androidx.lifecycle:lifecycle-process:2.1.0] AndroidManifest.xml:27:13-40
56    </application>
57
58</manifest>